Collecting flask (from -r requirements.txt (line 1))
  Downloading flask-3.1.3-py3-none-any.whl.metadata (3.2 kB)
Collecting yt-dlp (from -r requirements.txt (line 2))
  Downloading yt_dlp-2026.3.17-py3-none-any.whl.metadata (182 kB)
Collecting blinker>=1.9.0 (from flask->-r requirements.txt (line 1))
  Downloading blinker-1.9.0-py3-none-any.whl.metadata (1.6 kB)
Collecting click>=8.1.3 (from flask->-r requirements.txt (line 1))
  Downloading click-8.4.1-py3-none-any.whl.metadata (2.6 kB)
Collecting itsdangerous>=2.2.0 (from flask->-r requirements.txt (line 1))
  Downloading itsdangerous-2.2.0-py3-none-any.whl.metadata (1.9 kB)
Collecting jinja2>=3.1.2 (from flask->-r requirements.txt (line 1))
  Downloading jinja2-3.1.6-py3-none-any.whl.metadata (2.9 kB)
Collecting markupsafe>=2.1.1 (from flask->-r requirements.txt (line 1))
  Downloading markupsafe-3.0.3-cp310-cp310-manylinux2014_x86_64.manylinux_2_17_x86_64.manylinux_2_28_x86_64.whl.metadata (2.7 kB)
Collecting werkzeug>=3.1.0 (from flask->-r requirements.txt (line 1))
  Downloading werkzeug-3.1.8-py3-none-any.whl.metadata (4.0 kB)
Downloading flask-3.1.3-py3-none-any.whl (103 kB)
Downloading yt_dlp-2026.3.17-py3-none-any.whl (3.3 MB)
   ━━━━━━━━━━━━━━━━━━━━━━━━━━━━━━━━━━━━━━━━ 3.3/3.3 MB 10.2 MB/s  0:00:00
Downloading blinker-1.9.0-py3-none-any.whl (8.5 kB)
Downloading click-8.4.1-py3-none-any.whl (116 kB)
Downloading itsdangerous-2.2.0-py3-none-any.whl (16 kB)
Downloading jinja2-3.1.6-py3-none-any.whl (134 kB)
Downloading markupsafe-3.0.3-cp310-cp310-manylinux2014_x86_64.manylinux_2_17_x86_64.manylinux_2_28_x86_64.whl (20 kB)
Downloading werkzeug-3.1.8-py3-none-any.whl (226 kB)
Installing collected packages: yt-dlp, markupsafe, itsdangerous, click, blinker, werkzeug, jinja2, flask
